{"level":"info","message":"Fri Nov 11 2022 15:58:16 GMT+0300 (East Africa Time) ... fa back-end running on 3003"}
{"level":"info","message":"Fri Nov 11 2022 16:17:30 GMT+0300 (East Africa Time) ... fa back-end running on 3003"}
{"level":"error","message":"Fri Nov 11 2022 16:20:08 GMT+0300 (East Africa Time) ... AxiosError: Unsupported protocol undefined:"}
{"level":"error","message":"Fri Nov 11 2022 16:26:23 GMT+0300 (East Africa Time) ... AxiosError: Unsupported protocol undefined:"}
{"level":"error","message":"Fri Nov 11 2022 16:27:51 GMT+0300 (East Africa Time) ... AxiosError: Unsupported protocol undefined:"}
{"level":"info","message":"Fri Nov 11 2022 16:29:38 GMT+0300 (East Africa Time) ... fa back-end running on 3003"}
{"level":"error","message":"Fri Nov 11 2022 16:29:44 GMT+0300 (East Africa Time) ... AxiosError: Unsupported protocol undefined:"}
{"level":"info","message":"Sat Nov 12 2022 08:51:15 GMT+0300 (East Africa Time) ... fa back-end running on 3003"}
{"level":"error","message":"Sat Nov 12 2022 08:55:49 GMT+0300 (East Africa Time) ... AxiosError: Unsupported protocol undefined:"}
{"level":"info","message":"Sat Nov 12 2022 08:59:28 GMT+0300 (East Africa Time) ... fa back-end running on 3003"}
{"level":"error","message":"Sat Nov 12 2022 08:59:42 GMT+0300 (East Africa Time) ... Error: connect ECONNREFUSED ::1:3001"}
{"level":"info","message":"Sat Nov 12 2022 09:00:27 GMT+0300 (East Africa Time) ... access to protected endpoint granted"}
{"level":"error","message":"Sat Nov 12 2022 09:00:27 GMT+0300 (East Africa Time) ... TypeError: The \"config.server\" property is required and must be of type string."}
{"level":"info","message":"Sat Nov 12 2022 09:04:41 GMT+0300 (East Africa Time) ... fa back-end running on 3003"}
{"level":"info","message":"Sat Nov 12 2022 09:04:58 GMT+0300 (East Africa Time) ... access to protected endpoint granted"}
{"level":"info","message":"Wed May 22 2024 12:18:24 GMT+0300 (East Africa Time) ... fa back-end running on 3003"}
{"level":"info","message":"Wed May 22 2024 13:21:12 GMT+0300 (East Africa Time) ... fa back-end running on 3003"}
{"level":"error","message":"Wed May 22 2024 13:25:47 GMT+0300 (East Africa Time) ... TypeError: The \"config.server\" property is required and must be of type string."}
{"level":"error","message":"Wed May 22 2024 13:26:51 GMT+0300 (East Africa Time) ... TypeError: The \"config.server\" property is required and must be of type string."}
{"level":"info","message":"Wed May 22 2024 13:42:35 GMT+0300 (East Africa Time) ... fa back-end running on 3003"}
{"level":"error","message":"Wed May 22 2024 13:42:48 GMT+0300 (East Africa Time) ... Error: select [Computer Hardware].* from [Computer Hardware] - Invalid object name 'Computer Hardware'."}
{"level":"info","message":"Wed May 22 2024 13:53:50 GMT+0300 (East Africa Time) ... fa back-end running on 3003"}
{"level":"info","message":"Wed May 22 2024 14:04:15 GMT+0300 (East Africa Time) ... fa back-end running on 3003"}
{"level":"info","message":"Wed May 22 2024 14:32:16 GMT+0300 (East Africa Time) ... fa back-end running on 3003"}
{"level":"info","message":"Wed May 22 2024 15:18:53 GMT+0300 (East Africa Time) ... fa back-end running on 3003"}
{"level":"info","message":"Thu May 30 2024 13:50:01 GMT+0300 (East Africa Time) ... fa back-end running on 3003"}
{"level":"info","message":"Thu May 30 2024 15:34:58 GMT+0300 (East Africa Time) ... fa back-end running on 3003"}
{"level":"info","message":"Thu May 30 2024 16:14:53 GMT+0300 (East Africa Time) ... fa back-end running on 3003"}
{"level":"info","message":"Fri May 31 2024 09:26:56 GMT+0300 (East Africa Time) ... fa back-end running on 3003"}
{"level":"info","message":"Fri May 31 2024 09:52:45 GMT+0300 (East Africa Time) ... fa back-end running on 3003"}
{"level":"info","message":"Fri May 31 2024 10:07:27 GMT+0300 (East Africa Time) ... fa back-end running on 3003"}
{"level":"info","message":"Fri May 31 2024 10:16:17 GMT+0300 (East Africa Time) ... fa back-end running on 3003"}
{"level":"info","message":"Fri May 31 2024 11:00:17 GMT+0300 (East Africa Time) ... fa back-end running on 3003"}
{"level":"info","message":"Fri May 31 2024 11:21:22 GMT+0300 (East Africa Time) ... fa back-end running on 3003"}
{"level":"info","message":"Fri May 31 2024 14:10:14 GMT+0300 (East Africa Time) ... Server running on port 3003"}
{"level":"info","message":"Fri May 31 2024 14:18:13 GMT+0300 (East Africa Time) ... Server running on port 3003"}
{"level":"info","message":"Fri May 31 2024 14:26:01 GMT+0300 (East Africa Time) ... Server running on port 3003"}
{"level":"info","message":"Fri May 31 2024 14:52:08 GMT+0300 (East Africa Time) ... Server running on port 3003"}
{"level":"info","message":"Fri May 31 2024 15:19:40 GMT+0300 (East Africa Time) ... Server running on port 3003"}
{"level":"info","message":"Fri May 31 2024 15:21:04 GMT+0300 (East Africa Time) ... Cache refreshed successfully"}
{"level":"info","message":"Fri May 31 2024 15:25:05 GMT+0300 (East Africa Time) ... Server running on port 3003"}
{"level":"info","message":"Fri May 31 2024 15:25:59 GMT+0300 (East Africa Time) ... Cache refreshed successfully"}
{"level":"info","message":"Fri May 31 2024 15:32:09 GMT+0300 (East Africa Time) ... Server running on port 3003"}
{"level":"info","message":"Fri May 31 2024 15:33:27 GMT+0300 (East Africa Time) ... Cache refreshed successfully"}
{"level":"info","message":"Fri May 31 2024 15:39:11 GMT+0300 (East Africa Time) ... Server running on port 3003"}
{"level":"info","message":"Fri May 31 2024 15:40:10 GMT+0300 (East Africa Time) ... Cache refreshed successfully"}
{"level":"info","message":"Fri May 31 2024 15:51:57 GMT+0300 (East Africa Time) ... Server running on port 3003"}
{"level":"info","message":"Fri May 31 2024 15:52:57 GMT+0300 (East Africa Time) ... Cache refreshed successfully"}
{"level":"info","message":"Fri May 31 2024 15:54:32 GMT+0300 (East Africa Time) ... Server running on port 3003"}
{"level":"info","message":"Fri May 31 2024 15:55:17 GMT+0300 (East Africa Time) ... Cache refreshed successfully"}
{"level":"info","message":"Fri May 31 2024 16:00:38 GMT+0300 (East Africa Time) ... Server running on port 3003"}
{"level":"info","message":"Fri May 31 2024 16:09:41 GMT+0300 (East Africa Time) ... Server running on port 3003"}
{"level":"info","message":"Fri May 31 2024 16:13:12 GMT+0300 (East Africa Time) ... Server running on port 3003"}
{"level":"info","message":"Sat Jun 01 2024 11:41:52 GMT+0300 (East Africa Time) ... Server running on port 3003"}
{"level":"info","message":"Mon Jun 03 2024 09:55:01 GMT+0300 (East Africa Time) ... Server running on port 3003"}
{"level":"error","message":"Mon Jun 03 2024 20:00:00 GMT+0300 (East Africa Time) ... TypeError: model.query is not a function"}
{"level":"info","message":"Mon Jun 03 2024 20:00:00 GMT+0300 (East Africa Time) ... Cache updated for all"}
{"level":"info","message":"Mon Jun 03 2024 20:01:32 GMT+0300 (East Africa Time) ... Cache updated for salesrepo0"}
{"level":"info","message":"Mon Jun 03 2024 20:01:59 GMT+0300 (East Africa Time) ... Cache updated for otsales"}
{"level":"info","message":"Fri Jun 07 2024 13:22:24 GMT+0300 (East Africa Time) ... Server running on port 3003"}
{"level":"info","message":"Fri Jun 07 2024 13:40:07 GMT+0300 (East Africa Time) ... Server running on port 3003"}
{"level":"info","message":"Fri Jun 07 2024 13:46:37 GMT+0300 (East Africa Time) ... Server running on port 3003"}
{"level":"info","message":"Fri Jun 07 2024 13:51:36 GMT+0300 (East Africa Time) ... Server running on port 3003"}
{"level":"info","message":"Sat Jun 08 2024 10:58:51 GMT+0300 (East Africa Time) ... Server running on port 3003"}
{"level":"info","message":"Sat Jun 08 2024 11:42:31 GMT+0300 (East Africa Time) ... Server running on port 3003"}
{"level":"info","message":"Tue Jun 18 2024 11:39:15 GMT+0300 (East Africa Time) ... Server running on port 3003"}
{"level":"info","message":"Tue Jun 18 2024 12:22:33 GMT+0300 (East Africa Time) ... Server running on port 3003"}
{"level":"info","message":"Tue Jun 18 2024 13:34:07 GMT+0300 (East Africa Time) ... Server running on port 3003"}
{"level":"info","message":"Tue Jun 18 2024 13:52:58 GMT+0300 (East Africa Time) ... Server running on port 3003"}
{"level":"info","message":"Tue Jun 18 2024 14:15:30 GMT+0300 (East Africa Time) ... Server running on port 3003"}
{"level":"info","message":"Tue Jun 18 2024 14:38:48 GMT+0300 (East Africa Time) ... Server running on port 3003"}
{"level":"info","message":"Tue Jun 18 2024 14:54:10 GMT+0300 (East Africa Time) ... Server running on port 3003"}
{"level":"info","message":"Tue Jun 18 2024 15:06:53 GMT+0300 (East Africa Time) ... Server running on port 3003"}
{"level":"info","message":"Tue Jun 18 2024 15:56:58 GMT+0300 (East Africa Time) ... Server running on port 3003"}
{"level":"error","message":"Tue Jun 18 2024 20:00:00 GMT+0300 (East Africa Time) ... TypeError: model.query is not a function"}
{"level":"info","message":"Tue Jun 18 2024 20:00:01 GMT+0300 (East Africa Time) ... Cache updated for all"}
{"level":"info","message":"Tue Jun 18 2024 20:00:11 GMT+0300 (East Africa Time) ... Cache updated for otsales"}
{"level":"info","message":"Tue Jun 18 2024 20:00:27 GMT+0300 (East Africa Time) ... Cache updated for salesrepo0"}
{"level":"info","message":"Wed Jun 19 2024 08:55:21 GMT+0300 (East Africa Time) ... Server running on port 3003"}
{"level":"info","message":"Wed Jun 19 2024 09:33:13 GMT+0300 (East Africa Time) ... Server running on port 3003"}
{"level":"error","message":"Wed Jun 19 2024 09:33:59 GMT+0300 (East Africa Time) ... TypeError: model.query(...).limit(...).offset(...).stream is not a function"}
{"level":"error","message":"Wed Jun 19 2024 09:34:10 GMT+0300 (East Africa Time) ... TypeError: model.query(...).limit(...).offset(...).stream is not a function"}
{"level":"info","message":"Wed Jun 19 2024 09:57:55 GMT+0300 (East Africa Time) ... Server running on port 3003"}
{"level":"error","message":"Wed Jun 19 2024 09:58:03 GMT+0300 (East Africa Time) ... TypeError: model.query(...).limit(...).offset(...).stream is not a function"}
{"level":"error","message":"Wed Jun 19 2024 09:58:05 GMT+0300 (East Africa Time) ... TypeError: model.query(...).limit(...).offset(...).stream is not a function"}
{"level":"info","message":"Wed Jun 19 2024 10:39:57 GMT+0300 (East Africa Time) ... Server running on port 3003"}
{"level":"error","message":"Wed Jun 19 2024 10:40:04 GMT+0300 (East Africa Time) ... TypeError: model.query(...).limit(...).offset(...).stream is not a function"}
{"level":"error","message":"Wed Jun 19 2024 10:40:08 GMT+0300 (East Africa Time) ... TypeError: model.query(...).limit(...).offset(...).stream is not a function"}
{"level":"error","message":"Wed Jun 19 2024 10:42:03 GMT+0300 (East Africa Time) ... TypeError: model.query(...).limit(...).offset(...).stream is not a function"}
{"level":"error","message":"Wed Jun 19 2024 10:44:56 GMT+0300 (East Africa Time) ... TypeError: model.query(...).limit(...).offset(...).stream is not a function"}
{"level":"error","message":"Wed Jun 19 2024 10:44:58 GMT+0300 (East Africa Time) ... TypeError: model.query(...).limit(...).offset(...).stream is not a function"}
{"level":"error","message":"Wed Jun 19 2024 10:49:42 GMT+0300 (East Africa Time) ... Error: Failed to connect to 172.20.0.30:1433 - self-signed certificate"}
{"level":"error","message":"Wed Jun 19 2024 14:28:32 GMT+0300 (East Africa Time) ... TypeError: SalesRepo0.query(...).stream is not a function"}
{"level":"error","message":"Wed Jun 19 2024 14:31:13 GMT+0300 (East Africa Time) ... AggregateError: select [SalesRepo0].* from [SalesRepo0] offset @p0 rows fetch next @p1 rows only - "}
{"level":"error","message":"Wed Jun 19 2024 14:50:27 GMT+0300 (East Africa Time) ... AggregateError: select [SalesRepo0].* from [SalesRepo0] offset @p0 rows fetch next @p1 rows only - "}
{"level":"error","message":"Wed Jun 19 2024 14:50:42 GMT+0300 (East Africa Time) ... AggregateError: select [SalesRepo0].* from [SalesRepo0] offset @p0 rows fetch next @p1 rows only - "}
{"level":"error","message":"Wed Jun 19 2024 14:55:57 GMT+0300 (East Africa Time) ... Error: Unknown model"}
{"level":"error","message":"Wed Jun 19 2024 14:56:06 GMT+0300 (East Africa Time) ... Error: Unknown model"}
{"level":"error","message":"Wed Jun 19 2024 14:59:26 GMT+0300 (East Africa Time) ... AggregateError: select [SalesRepo0].* from [SalesRepo0] offset @p0 rows fetch next @p1 rows only - "}
{"level":"error","message":"Wed Jun 19 2024 15:02:04 GMT+0300 (East Africa Time) ... AggregateError: select [SalesRepo0].* from [SalesRepo0] offset @p0 rows fetch next @p1 rows only - "}
{"level":"error","message":"Wed Jun 19 2024 15:04:46 GMT+0300 (East Africa Time) ... TypeError: data.hasNextPage is not a function"}
{"level":"error","message":"Wed Jun 19 2024 15:07:29 GMT+0300 (East Africa Time) ... AggregateError: select [SalesRepo0].* from [SalesRepo0] offset @p0 rows fetch next @p1 rows only - "}
{"level":"error","message":"Wed Jun 19 2024 15:12:31 GMT+0300 (East Africa Time) ... TypeError: result.hasNextPage is not a function"}
{"level":"error","message":"Wed Jun 19 2024 15:19:38 GMT+0300 (East Africa Time) ... AggregateError: select [SalesRepo0].* from [SalesRepo0] offset @p0 rows fetch next @p1 rows only - "}
{"level":"error","message":"Wed Jun 19 2024 15:20:59 GMT+0300 (East Africa Time) ... AggregateError: select [SalesRepo0].* from [SalesRepo0] offset @p0 rows fetch next @p1 rows only - "}
{"level":"info","message":"Thu Jun 20 2024 00:00:01 GMT+0300 (East Africa Time) ... Cache updated for all"}
{"level":"error","message":"Thu Jun 20 2024 00:00:01 GMT+0300 (East Africa Time) ... TypeError: model.query is not a function"}
{"level":"info","message":"Thu Jun 20 2024 00:00:10 GMT+0300 (East Africa Time) ... Cache updated for otsales"}
{"level":"info","message":"Thu Jun 20 2024 00:00:50 GMT+0300 (East Africa Time) ... Cache updated for salesrepo0"}
{"level":"error","message":"Thu Jun 20 2024 08:34:39 GMT+0300 (East Africa Time) ... Error: select top (@p0) * from [OTsales] - Timeout: Request failed to complete in 15000ms"}
{"level":"error","message":"Thu Jun 20 2024 08:40:41 GMT+0300 (East Africa Time) ... AggregateError: select [OTsales].* from [OTsales] offset @p0 rows fetch next @p1 rows only - "}
{"level":"error","message":"Thu Jun 20 2024 08:42:26 GMT+0300 (East Africa Time) ... AggregateError: select [OTsales].* from [OTsales] offset @p0 rows fetch next @p1 rows only - "}
{"level":"error","message":"Thu Jun 20 2024 08:44:05 GMT+0300 (East Africa Time) ... Error: select top (@p0) [OTsales].* from [OTsales] order by [id] asc - Invalid column name 'id'."}
{"level":"info","message":"Sat Jun 22 2024 00:00:13 GMT+0300 (East Africa Time) ... Cache updated for otsales"}
{"level":"info","message":"Sat Jun 22 2024 00:00:36 GMT+0300 (East Africa Time) ... Cache updated for salesrepo0"}
{"level":"info","message":"Sun Jun 23 2024 00:00:07 GMT+0300 (East Africa Time) ... Cache updated for CustomerData"}
{"level":"error","message":"Sun Jun 23 2024 00:00:07 GMT+0300 (East Africa Time) ... TypeError: model.query is not a function"}
{"level":"info","message":"Sun Jun 23 2024 00:00:15 GMT+0300 (East Africa Time) ... Cache updated for otsales"}
{"level":"info","message":"Sun Jun 23 2024 00:00:35 GMT+0300 (East Africa Time) ... Cache updated for salesrepo0"}
{"level":"info","message":"Mon Jun 24 2024 00:00:09 GMT+0300 (East Africa Time) ... Cache updated for CustomerData"}
{"level":"error","message":"Mon Jun 24 2024 00:00:09 GMT+0300 (East Africa Time) ... TypeError: model.query is not a function"}
{"level":"info","message":"Mon Jun 24 2024 00:00:21 GMT+0300 (East Africa Time) ... Cache updated for otsales"}
{"level":"info","message":"Mon Jun 24 2024 00:00:39 GMT+0300 (East Africa Time) ... Cache updated for salesrepo0"}
{"level":"info","message":"Tue Jun 25 2024 00:00:07 GMT+0300 (East Africa Time) ... Cache updated for CustomerData"}
{"level":"error","message":"Tue Jun 25 2024 00:00:08 GMT+0300 (East Africa Time) ... TypeError: model.query is not a function"}
{"level":"info","message":"Tue Jun 25 2024 00:00:21 GMT+0300 (East Africa Time) ... Cache updated for otsales"}
{"level":"info","message":"Tue Jun 25 2024 00:00:40 GMT+0300 (East Africa Time) ... Cache updated for salesrepo0"}
{"level":"info","message":"Wed Jun 26 2024 00:00:09 GMT+0300 (East Africa Time) ... Cache updated for CustomerData"}
{"level":"error","message":"Wed Jun 26 2024 00:00:09 GMT+0300 (East Africa Time) ... TypeError: model.query is not a function"}
{"level":"info","message":"Wed Jun 26 2024 00:00:23 GMT+0300 (East Africa Time) ... Cache updated for otsales"}
{"level":"info","message":"Wed Jun 26 2024 00:00:43 GMT+0300 (East Africa Time) ... Cache updated for salesrepo0"}
